<?xml version="1.0" encoding="UTF-8"?>
<testsuite xmlns:xsi="http://www.w3.org/2001/XMLSchema-instance" xsi:noNamespaceSchemaLocation="https://maven.apache.org/surefire/maven-surefire-plugin/xsd/surefire-test-report-3.0.xsd" version="3.0" name="TestSuite" time="9.325" tests="2" errors="0" skipped="0" failures="0">
  <properties>
[...]
</properties>
  <testcase name="getdata" classname="test_framework.getting_all_namesavalibale_in_result" time="6.897"/>
  <testcase name="getdata" classname="test_framework.getdata_from_google_map" time="0.415"/>
</testsuite>