<?xml version="1.0" encoding="UTF-8"?>
<testng-results skipped="0" failed="0" ignored="0" total="2" passed="2">
  <reporter-output>
  </reporter-output>
  <suite name="Suite" duration-ms="7282" started-at="2019-04-10T11:36:26Z" finished-at="2019-04-10T11:36:34Z">
    <groups>
    </groups>
    <test name="Test" duration-ms="7282" started-at="2019-04-10T11:36:26Z" finished-at="2019-04-10T11:36:34Z">
      <class name="test_framework.getdata_from_google_map">
        <test-method status="PASS" signature="getdata()[pri:0, instance:test_framework.getdata_from_google_map@52af6cff]" name="getdata" duration-ms="470" started-at="2019-04-10T11:36:33Z" finished-at="2019-04-10T11:36:34Z">
          <reporter-output>
          </reporter-output>
        </test-method> <!-- getdata -->
      </class> <!-- test_framework.getdata_from_google_map -->
      <class name="test_framework.getting_all_namesavalibale_in_result">
        <test-method status="PASS" signature="getdata()[pri:0, instance:test_framework.getting_all_namesavalibale_in_result@531be3c5]" name="getdata" duration-ms="6783" started-at="2019-04-10T11:36:26Z" finished-at="2019-04-10T11:36:33Z">
          <reporter-output>
          </reporter-output>
        </test-method> <!-- getdata -->
      </class> <!-- test_framework.getting_all_namesavalibale_in_result -->
    </test> <!-- Test -->
  </suite> <!-- Suite -->
</testng-results>
