<?xml version="1.0" encoding="UTF-8"?>
<testng-results skipped="0" failed="0" ignored="0" total="2" passed="2">
  <reporter-output>
  </reporter-output>
  <suite name="Suite" duration-ms="6179" started-at="2019-04-10T11:25:27Z" finished-at="2019-04-10T11:25:34Z">
    <groups>
    </groups>
    <test name="Test" duration-ms="6179" started-at="2019-04-10T11:25:27Z" finished-at="2019-04-10T11:25:34Z">
      <class name="test_framework.getdata_from_google_map">
        <test-method status="PASS" signature="getdata()[pri:0, instance:test_framework.getdata_from_google_map@6093dd95]" name="getdata" duration-ms="690" started-at="2019-04-10T11:25:33Z" finished-at="2019-04-10T11:25:34Z">
          <reporter-output>
          </reporter-output>
        </test-method> <!-- getdata -->
      </class> <!-- test_framework.getdata_from_google_map -->
      <class name="test_framework.getting_all_namesavalibale_in_result">
        <test-method status="PASS" signature="getdata()[pri:0, instance:test_framework.getting_all_namesavalibale_in_result@6d4b1c02]" name="getdata" duration-ms="5451" started-at="2019-04-10T11:25:27Z" finished-at="2019-04-10T11:25:33Z">
          <reporter-output>
          </reporter-output>
        </test-method> <!-- getdata -->
      </class> <!-- test_framework.getting_all_namesavalibale_in_result -->
    </test> <!-- Test -->
  </suite> <!-- Suite -->
</testng-results>
